SF:lib/src/models/collection_fruit_model.dart
DA:7,1
DA:9,0
DA:11,0
DA:13,0
DA:14,0
DA:17,0
DA:18,0
LF:7
LH:1
end_of_record
SF:lib/src/repositories/collection_menu_repository.dart
DA:12,0
DA:13,0
DA:17,0
DA:18,0
LF:4
LH:0
end_of_record
SF:lib/src/services/collection_menu_api_service.dart
DA:9,1
DA:10,2
DA:11,1
DA:12,2
DA:13,1
DA:14,1
DA:15,1
DA:16,2
DA:22,1
DA:27,1
LF:10
LH:10
end_of_record
SF:lib/src/services/base_service/base_api_exception.dart
DA:4,2
DA:8,4
DA:12,0
DA:16,0
DA:20,0
LF:5
LH:2
end_of_record
SF:lib/src/services/base_service/base_api_service.dart
DA:15,2
DA:19,14
DA:20,2
DA:21,2
DA:22,0
DA:27,2
DA:28,2
DA:29,2
DA:30,2
DA:31,2
DA:32,0
DA:33,2
DA:34,2
DA:35,0
DA:38,6
LF:15
LH:12
end_of_record
SF:lib/src/blocs/fruit_basket/my_basket_cubit.dart
DA:13,3
DA:15,1
DA:16,1
DA:19,3
DA:23,1
DA:24,2
DA:25,3
DA:30,1
DA:32,3
DA:33,1
DA:34,6
DA:35,1
DA:36,1
DA:38,2
DA:41,2
DA:42,1
DA:45,1
DA:46,3
DA:51,1
DA:52,2
DA:53,2
DA:56,1
DA:57,1
DA:58,0
DA:60,2
DA:61,5
DA:64,1
DA:65,1
DA:66,3
DA:67,3
DA:72,1
DA:73,1
DA:74,4
DA:75,5
DA:83,1
DA:85,3
DA:86,2
DA:91,1
DA:93,2
DA:94,5
DA:99,0
DA:100,0
DA:101,0
DA:106,1
DA:107,3
DA:110,0
DA:111,0
DA:112,0
DA:119,1
DA:123,2
DA:129,1
DA:130,3
DA:136,1
DA:137,3
LF:54
LH:47
end_of_record
SF:lib/src/blocs/fruit_basket/my_basket_state.dart
DA:7,1
DA:9,2
DA:13,2
DA:17,2
DA:21,2
DA:27,0
LF:6
LH:5
end_of_record
SF:lib/src/models/fruit_item_model.dart
DA:4,1
DA:8,2
DA:9,1
DA:10,2
DA:11,2
DA:16,2
DA:17,1
DA:18,2
DA:19,2
DA:24,1
DA:25,2
DA:41,5
DA:55,3
DA:56,6
DA:57,6
DA:58,6
DA:59,6
DA:60,6
DA:61,9
DA:62,6
DA:63,6
DA:64,6
DA:65,6
DA:66,6
DA:69,2
DA:70,2
DA:71,4
DA:72,4
DA:73,4
DA:74,4
DA:75,4
DA:76,4
DA:77,4
DA:78,4
DA:79,4
DA:80,4
DA:81,4
DA:85,3
DA:86,3
DA:87,3
DA:88,3
DA:89,3
DA:90,3
DA:91,3
DA:92,3
DA:93,3
DA:94,3
DA:95,3
DA:96,3
DA:97,3
LF:50
LH:50
end_of_record
SF:lib/src/models/item_added_basket_model.dart
DA:7,2
LF:1
LH:1
end_of_record
SF:lib/src/blocs/fruit_list_detail/fruit_detail_bloc.dart
DA:11,3
DA:15,1
DA:16,1
DA:17,2
DA:18,3
DA:19,1
DA:20,2
DA:21,2
DA:23,3
DA:24,1
DA:25,3
DA:26,0
DA:27,0
DA:28,0
DA:29,0
DA:30,0
LF:16
LH:11
end_of_record
SF:lib/src/blocs/fruit_list_detail/fruit_list_detail_event.dart
DA:14,1
DA:21,0
LF:2
LH:1
end_of_record
SF:lib/src/blocs/fruit_list_detail/fruit_list_detail_state.dart
DA:12,0
DA:18,1
DA:24,0
DA:30,0
DA:36,1
LF:5
LH:2
end_of_record
SF:lib/src/models/fruit_item_detail.dart
DA:10,0
LF:1
LH:0
end_of_record
SF:lib/src/helpers/extension/num_extension.dart
DA:4,3
DA:5,3
DA:6,3
LF:3
LH:3
end_of_record
SF:lib/src/helpers/utils/app_styles.dart
DA:68,9
DA:75,3
DA:127,9
DA:133,9
DA:149,3
DA:157,3
DA:165,3
DA:166,1
DA:167,1
DA:168,1
DA:169,1
DA:170,1
DA:175,3
DA:182,3
LF:14
LH:14
end_of_record
SF:lib/src/widgets/app_button.dart
DA:12,4
DA:20,4
DA:22,4
DA:23,4
DA:24,4
DA:25,4
DA:26,4
DA:27,4
DA:29,1
DA:33,4
DA:35,4
DA:36,4
DA:37,4
DA:39,8
DA:41,4
LF:15
LH:15
end_of_record
SF:lib/src/widgets/fruit_detail_body_widget.dart
DA:20,2
DA:22,1
DA:23,1
DA:58,1
DA:60,1
DA:61,1
DA:62,2
DA:63,3
DA:64,3
DA:65,2
DA:67,7
DA:68,2
DA:69,2
DA:70,0
DA:72,3
DA:73,1
DA:76,1
DA:79,1
DA:81,2
DA:82,2
DA:83,1
DA:86,3
DA:87,1
DA:88,3
DA:89,1
DA:90,3
DA:91,1
DA:95,1
DA:96,1
DA:97,1
DA:98,2
DA:99,2
DA:100,3
DA:103,1
DA:104,2
DA:105,1
DA:109,1
DA:110,1
DA:111,2
DA:112,2
DA:113,6
DA:114,7
DA:115,3
DA:116,0
DA:118,3
DA:119,2
DA:121,4
DA:122,1
DA:127,1
DA:128,1
DA:129,1
DA:130,2
DA:131,1
DA:135,1
DA:136,4
DA:137,7
DA:138,3
DA:139,10
DA:143,1
DA:145,2
DA:147,3
DA:148,3
DA:149,1
DA:150,6
DA:151,6
DA:152,2
DA:153,3
DA:154,6
DA:155,2
DA:157,4
DA:158,1
DA:159,2
DA:160,3
DA:161,1
DA:162,1
DA:165,1
DA:166,1
DA:167,3
DA:168,4
DA:170,1
DA:171,2
DA:172,1
DA:173,2
DA:174,2
DA:176,1
DA:177,1
DA:178,1
DA:179,1
DA:180,1
DA:181,1
DA:182,4
DA:184,1
DA:186,0
DA:187,0
DA:197,2
DA:199,1
DA:200,1
DA:201,1
DA:202,2
DA:203,1
DA:204,1
DA:205,2
DA:206,2
DA:207,1
DA:208,1
DA:209,1
DA:210,2
DA:211,2
DA:213,3
DA:214,4
DA:215,1
DA:216,1
DA:218,1
DA:219,1
DA:220,1
DA:224,1
DA:227,1
DA:228,1
DA:231,1
DA:232,1
DA:233,1
DA:234,1
DA:241,1
DA:246,1
DA:249,1
DA:250,1
DA:251,1
DA:252,1
DA:253,1
DA:254,1
DA:255,1
DA:257,1
DA:258,1
DA:261,1
DA:262,4
DA:268,1
DA:272,1
DA:274,1
DA:275,1
DA:276,4
DA:283,1
DA:286,1
DA:292,2
DA:298,1
DA:299,1
DA:300,1
DA:301,1
DA:302,1
DA:303,1
DA:304,2
DA:306,1
DA:308,1
DA:309,1
DA:310,3
DA:313,1
DA:316,1
DA:319,1
DA:320,1
DA:321,4
DA:322,1
DA:324,1
DA:325,2
DA:326,1
DA:332,0
DA:333,0
DA:336,1
DA:342,1
DA:343,3
DA:346,1
DA:349,1
DA:350,2
DA:353,1
DA:356,5
DA:357,4
DA:358,1
DA:364,0
DA:365,0
DA:368,1
DA:374,1
DA:375,3
DA:381,1
DA:382,1
DA:384,1
DA:385,1
DA:386,3
DA:389,1
DA:392,1
DA:393,7
DA:408,1
DA:409,1
DA:410,1
DA:411,1
DA:413,1
DA:414,1
DA:415,1
DA:416,1
DA:417,2
DA:419,1
DA:420,1
DA:425,1
DA:426,2
DA:427,2
DA:432,1
DA:433,1
DA:434,1
DA:435,0
DA:438,1
DA:443,0
DA:444,0
DA:445,0
DA:446,0
DA:447,0
LF:212
LH:198
end_of_record
SF:lib/src/widgets/round_icon_button.dart
DA:14,2
DA:23,2
DA:25,2
DA:26,2
DA:28,2
DA:29,2
DA:30,2
DA:31,8
DA:32,8
DA:35,2
DA:37,4
DA:38,2
DA:39,4
DA:40,2
DA:41,2
DA:42,2
DA:43,2
DA:44,2
DA:45,8
LF:19
LH:19
end_of_record
SF:lib/src/repositories/fruit_item_repository.dart
DA:7,2
DA:9,1
DA:10,3
LF:3
LH:3
end_of_record
SF:lib/src/services/fruit_item_service.dart
DA:8,1
DA:9,1
DA:10,2
DA:11,2
DA:14,1
DA:16,2
DA:19,1
LF:7
LH:7
end_of_record
SF:lib/src/blocs/fruit_details/fruit_details_bloc.dart
DA:10,3
DA:14,1
DA:15,1
DA:16,2
DA:17,3
DA:18,1
DA:19,2
DA:20,2
DA:21,3
DA:23,2
DA:25,1
DA:26,3
DA:27,1
DA:28,2
LF:14
LH:14
end_of_record
SF:lib/src/blocs/fruit_details/fruit_details_event.dart
DA:14,1
DA:19,1
LF:2
LH:2
end_of_record
SF:lib/src/blocs/fruit_details/fruit_details_state.dart
DA:9,1
DA:14,1
DA:20,1
DA:26,1
LF:4
LH:4
end_of_record
SF:lib/src/blocs/fruit_item/fruit_item_bloc.dart
DA:13,6
DA:16,1
DA:17,1
DA:18,1
DA:20,2
DA:22,4
DA:23,2
DA:25,2
DA:28,0
DA:30,0
DA:31,0
LF:11
LH:8
end_of_record
SF:lib/src/blocs/fruit_item/fruit_item_event.dart
DA:8,1
DA:14,0
LF:2
LH:1
end_of_record
SF:lib/src/blocs/fruit_item/fruit_item_state.dart
DA:7,2
DA:9,2
DA:13,4
DA:15,1
DA:16,1
DA:20,2
DA:22,1
DA:23,1
DA:29,2
DA:31,1
DA:32,2
DA:38,2
DA:40,1
DA:41,2
LF:14
LH:14
end_of_record
SF:lib/src/blocs/authentication/authentication_cubit.dart
DA:10,6
DA:15,2
DA:16,2
DA:19,2
DA:20,2
DA:21,2
DA:22,1
DA:23,1
DA:25,3
DA:26,1
DA:30,2
DA:31,6
DA:32,4
DA:34,4
DA:35,4
DA:41,1
DA:42,1
DA:43,3
DA:45,3
LF:19
LH:19
end_of_record
SF:lib/src/blocs/authentication/authentication_state.dart
DA:11,1
DA:13,1
DA:15,0
DA:23,1
DA:29,2
DA:31,2
DA:33,2
LF:7
LH:6
end_of_record
SF:lib/src/models/authentication_model.dart
DA:5,1
DA:10,0
DA:11,0
DA:12,0
DA:13,0
DA:21,1
DA:25,0
DA:26,0
DA:27,0
LF:9
LH:2
end_of_record
SF:lib/src/repositories/auth_repository.dart
DA:7,0
DA:8,0
DA:9,0
DA:10,0
LF:4
LH:0
end_of_record
SF:lib/src/services/auth_api_service.dart
DA:10,0
DA:11,0
DA:12,0
DA:13,0
DA:14,0
DA:15,0
DA:16,0
DA:17,0
DA:18,0
DA:21,0
LF:10
LH:0
end_of_record
SF:lib/src/screens/order_completed_screen.dart
DA:14,1
DA:16,1
DA:17,0
DA:18,0
DA:20,0
DA:21,0
DA:24,0
DA:25,0
DA:26,0
DA:29,0
DA:31,0
DA:36,0
DA:39,0
DA:41,0
DA:47,0
DA:50,0
DA:51,0
DA:52,0
DA:54,0
DA:55,0
DA:56,0
DA:61,0
DA:62,0
DA:63,0
DA:64,0
DA:66,0
DA:69,0
DA:70,0
DA:71,0
DA:73,0
DA:74,0
DA:75,0
DA:79,0
DA:80,0
DA:81,0
DA:82,0
DA:83,0
DA:84,0
DA:85,0
LF:39
LH:2
end_of_record
SF:lib/src/bloc_provs/collection_bloc_provider.dart
DA:11,0
DA:16,0
DA:18,0
DA:19,0
DA:22,0
DA:27,0
DA:28,0
DA:29,0
DA:30,0
LF:9
LH:0
end_of_record
SF:lib/src/blocs/collection_fruits/list_fruits/collection_fruits_bloc.dart
DA:20,0
DA:26,0
DA:27,0
DA:28,0
DA:32,0
DA:33,0
DA:34,0
DA:35,0
DA:36,0
DA:37,0
DA:38,0
DA:39,0
DA:40,0
DA:44,0
DA:45,0
DA:48,0
DA:49,0
DA:53,0
DA:55,0
DA:56,0
DA:57,0
DA:59,0
DA:62,0
DA:63,0
DA:66,0
DA:67,0
DA:68,0
LF:27
LH:0
end_of_record
SF:lib/src/blocs/collection_fruits/list_fruits/collection_fruits_event.dart
DA:9,0
DA:15,0
DA:21,0
LF:3
LH:0
end_of_record
SF:lib/src/blocs/collection_fruits/menu/collection_menu_bloc.dart
DA:20,0
DA:30,0
DA:31,0
DA:32,0
DA:33,0
DA:34,0
DA:37,0
DA:40,0
DA:41,0
DA:42,0
DA:43,0
DA:44,0
DA:45,0
DA:46,0
DA:47,0
DA:48,0
DA:50,0
DA:53,0
DA:54,0
DA:55,0
DA:57,0
DA:58,0
DA:59,0
DA:62,0
DA:64,0
DA:65,0
DA:73,0
DA:74,0
DA:76,0
DA:77,0
DA:78,0
DA:80,0
DA:81,0
DA:82,0
DA:83,0
DA:87,0
DA:88,0
DA:91,0
DA:92,0
DA:95,0
DA:96,0
DA:99,0
DA:100,0
DA:103,0
DA:104,0
DA:107,0
DA:108,0
DA:111,0
DA:112,0
DA:113,0
LF:50
LH:0
end_of_record
SF:lib/src/blocs/collection_fruits/menu/collection_menu_event.dart
DA:8,0
DA:14,0
DA:24,0
LF:3
LH:0
end_of_record
SF:lib/src/repositories/fruit_list_repository.dart
DA:10,0
DA:11,0
LF:2
LH:0
end_of_record
SF:lib/src/blocs/collection_fruits/list_fruits/collection_fruits_state.dart
DA:6,0
DA:8,0
DA:10,0
DA:12,0
DA:15,8
LF:5
LH:1
end_of_record
SF:lib/src/blocs/collection_fruits/menu/collection_menu_state.dart
DA:6,0
LF:1
LH:0
end_of_record
SF:lib/src/blocs/complete_detail/complete_detail_state.dart
DA:11,0
DA:13,0
LF:2
LH:0
end_of_record
SF:lib/src/blocs/complete_detail/complete_detail_cubit.dart
DA:8,0
DA:12,0
DA:13,0
DA:16,0
DA:17,0
DA:20,0
DA:21,0
DA:24,0
DA:25,0
DA:26,0
DA:30,0
DA:31,0
DA:34,0
DA:35,0
DA:38,0
DA:42,0
DA:46,0
DA:50,0
DA:56,0
DA:61,0
DA:63,0
DA:64,0
LF:22
LH:0
end_of_record
SF:lib/src/blocs/fruit_favorite/fruit_favorite_bloc.dart
DA:7,3
DA:10,0
DA:11,0
DA:12,0
DA:13,0
LF:5
LH:1
end_of_record
SF:lib/src/blocs/fruit_favorite/fruit_favorite_event.dart
DA:6,0
LF:1
LH:0
end_of_record
SF:lib/src/blocs/fruit_favorite/fruit_favorite_state.dart
DA:8,0
LF:1
LH:0
end_of_record
SF:lib/src/blocs/fruit_list/fruit_list_bloc.dart
DA:11,0
DA:14,0
DA:15,0
DA:16,0
DA:18,0
DA:21,0
DA:22,0
DA:24,0
LF:8
LH:0
end_of_record
SF:lib/src/blocs/fruit_list/fruit_list_event.dart
DA:6,0
LF:1
LH:0
end_of_record
SF:lib/src/blocs/fruit_list/fruit_list_state.dart
DA:12,0
DA:18,0
LF:2
LH:0
end_of_record
SF:lib/src/blocs/input_card_detail/input_card_detail_cubit.dart
DA:8,3
DA:14,1
DA:15,1
DA:18,1
DA:25,1
DA:29,1
DA:33,1
DA:37,1
DA:42,3
DA:52,1
DA:53,2
DA:56,1
DA:57,2
DA:60,1
DA:61,2
DA:64,1
DA:65,2
DA:68,0
DA:69,0
DA:72,1
DA:73,1
DA:76,1
DA:77,1
DA:80,1
DA:81,1
LF:25
LH:23
end_of_record
SF:lib/src/blocs/input_card_detail/input_card_detail_state.dart
DA:13,1
DA:15,2
LF:2
LH:2
end_of_record
SF:lib/src/blocs/order_completed/order_completed_bloc.dart
DA:9,0
DA:11,0
DA:12,0
DA:14,0
DA:18,0
DA:19,0
LF:6
LH:0
end_of_record
SF:lib/src/screens/home_screen.dart
DA:9,0
DA:11,0
DA:13,0
DA:15,0
DA:16,0
DA:17,0
DA:19,0
DA:20,0
DA:23,0
DA:24,0
DA:25,0
DA:27,0
DA:28,0
DA:29,0
DA:30,0
DA:31,0
DA:32,0
DA:34,0
DA:35,0
LF:19
LH:0
end_of_record
SF:lib/src/screens/track_order_screen.dart
DA:21,1
DA:22,1
DA:40,1
DA:42,1
DA:43,2
DA:44,1
DA:46,1
DA:47,1
DA:48,1
DA:49,1
DA:51,3
DA:54,1
DA:56,2
DA:57,1
DA:59,1
DA:60,1
DA:62,1
DA:63,1
DA:64,2
DA:67,1
DA:68,1
DA:69,2
DA:70,1
DA:79,1
DA:80,1
DA:81,1
DA:82,1
DA:83,1
DA:84,1
DA:85,1
DA:86,2
DA:87,2
DA:88,0
DA:90,2
DA:92,1
DA:94,1
DA:95,1
DA:96,1
DA:97,1
DA:98,2
DA:99,1
DA:100,1
DA:101,1
DA:107,1
DA:108,1
DA:109,1
DA:110,2
DA:111,1
DA:112,1
DA:113,1
DA:119,1
DA:123,1
DA:125,1
DA:126,2
DA:127,1
DA:128,1
DA:129,1
DA:135,1
DA:138,1
DA:148,1
DA:149,1
DA:150,1
DA:151,1
DA:156,1
DA:159,1
DA:160,1
DA:162,1
DA:165,1
DA:166,1
DA:167,1
DA:168,1
DA:174,1
DA:176,0
DA:182,0
DA:188,1
DA:190,1
DA:193,1
DA:194,1
DA:195,1
DA:196,1
DA:201,1
DA:204,1
DA:205,1
DA:208,1
DA:209,1
DA:211,1
DA:213,1
DA:215,1
DA:220,1
DA:221,1
DA:222,1
DA:223,1
DA:230,0
DA:231,0
DA:232,0
DA:234,0
DA:242,1
DA:243,2
DA:244,1
DA:245,1
DA:246,1
DA:252,1
DA:253,1
DA:254,1
DA:255,4
DA:257,1
DA:264,0
DA:265,0
DA:266,0
DA:268,0
DA:272,1
DA:274,1
DA:275,0
DA:278,1
DA:279,0
DA:282,1
DA:283,0
DA:286,1
DA:287,0
DA:290,1
DA:291,1
DA:297,1
DA:302,1
DA:303,1
DA:304,1
DA:305,1
LF:126
LH:111
end_of_record
SF:lib/src/blocs/track_order/track_order_state.dart
DA:9,1
DA:11,2
LF:2
LH:2
end_of_record
SF:lib/src/blocs/track_order/track_order_bloc.dart
DA:10,3
DA:13,1
DA:16,1
DA:17,1
DA:18,3
DA:19,2
DA:20,3
DA:21,2
DA:22,3
DA:23,2
DA:24,3
DA:25,2
DA:26,3
DA:27,2
LF:14
LH:14
end_of_record
SF:lib/src/constants/enum/track_order_status.dart
DA:1,8
LF:1
LH:1
end_of_record
SF:lib/src/helpers/extension/string_extension.dart
DA:2,2
DA:4,4
DA:10,0
DA:11,0
DA:12,0
DA:17,1
DA:18,1
LF:7
LH:4
end_of_record
SF:lib/src/helpers/formatter/payment_card_date_formatter.dart
DA:5,1
DA:8,1
DA:10,3
DA:14,1
DA:15,3
DA:16,2
DA:17,1
DA:18,4
DA:19,1
DA:23,1
DA:24,1
DA:25,2
LF:12
LH:12
end_of_record
SF:lib/src/helpers/formatter/payment_card_number_formatter.dart
DA:5,1
DA:8,1
DA:10,3
DA:14,1
DA:15,3
DA:16,2
DA:17,1
DA:18,4
DA:19,1
DA:23,1
DA:24,1
DA:25,2
LF:12
LH:12
end_of_record
SF:lib/src/services/fruit_list_service.dart
DA:10,0
DA:11,0
DA:12,0
DA:14,0
DA:15,0
DA:16,0
DA:19,0
DA:24,0
DA:26,0
LF:9
LH:0
end_of_record
SF:lib/src/screens/add_to_basket_screen.dart
DA:11,0
DA:13,0
DA:15,0
DA:17,0
DA:18,0
DA:20,0
DA:21,0
DA:22,0
DA:25,0
LF:9
LH:0
end_of_record
SF:lib/src/widgets/app_bar_widget.dart
DA:13,3
DA:18,3
DA:20,3
DA:22,3
DA:24,12
DA:25,3
DA:26,9
DA:27,15
DA:28,3
DA:29,3
DA:30,3
DA:32,3
DA:34,3
DA:37,3
DA:38,3
DA:39,3
DA:40,3
DA:41,3
DA:42,3
DA:43,3
DA:45,3
DA:47,3
DA:48,3
DA:53,3
DA:54,3
DA:56,3
DA:65,3
DA:67,3
DA:68,3
DA:69,3
LF:30
LH:30
end_of_record
SF:lib/src/widgets/collection_fruits_widget.dart
DA:10,0
DA:12,0
DA:13,0
DA:14,0
DA:15,0
DA:16,0
DA:17,0
DA:20,0
DA:21,0
DA:22,0
DA:28,0
LF:11
LH:0
end_of_record
SF:lib/src/widgets/recommended_combo_widget.dart
DA:13,0
DA:15,0
DA:16,0
DA:18,0
DA:19,0
DA:23,0
DA:26,0
DA:29,0
DA:30,0
DA:31,0
DA:32,0
DA:33,0
DA:34,0
DA:35,0
DA:37,0
DA:42,0
DA:43,0
DA:44,0
DA:45,0
DA:50,0
DA:51,0
DA:52,0
DA:55,0
DA:56,0
DA:57,0
DA:58,0
DA:59,0
DA:62,0
DA:63,0
DA:69,0
LF:30
LH:0
end_of_record
SF:lib/src/widgets/top_section_widget.dart
DA:14,0
DA:16,0
DA:18,0
DA:19,0
DA:21,0
DA:23,0
DA:24,0
DA:25,0
DA:28,0
DA:30,0
DA:31,0
DA:32,0
DA:43,0
DA:46,0
DA:52,0
DA:53,0
DA:55,0
DA:56,0
DA:57,0
DA:58,0
DA:59,0
DA:60,0
DA:61,0
DA:62,0
DA:64,0
DA:65,0
DA:66,0
DA:68,0
DA:69,0
DA:72,0
DA:73,0
DA:74,0
DA:75,0
DA:76,0
DA:79,0
DA:80,0
DA:81,0
DA:82,0
DA:83,0
DA:84,0
DA:85,0
DA:86,0
DA:87,0
DA:89,0
DA:90,0
DA:91,0
DA:95,0
DA:106,0
DA:109,0
DA:116,0
DA:117,0
DA:119,0
DA:120,0
DA:121,0
DA:123,0
DA:125,0
DA:128,0
DA:129,0
DA:130,0
DA:136,0
DA:139,0
LF:61
LH:0
end_of_record
SF:lib/src/screens/order_list_screen.dart
DA:16,1
DA:18,1
DA:19,1
DA:20,1
DA:21,1
DA:22,1
DA:24,0
DA:25,1
DA:31,1
DA:32,3
DA:33,1
DA:34,1
DA:35,1
DA:36,1
DA:38,3
DA:41,3
DA:45,1
DA:46,1
DA:47,1
DA:52,1
DA:53,1
DA:54,1
DA:55,1
DA:56,1
DA:57,1
DA:59,1
DA:60,1
DA:61,1
DA:62,1
DA:64,1
DA:65,1
DA:68,1
DA:69,1
DA:71,1
DA:73,1
DA:74,2
DA:79,1
DA:80,1
DA:81,1
DA:86,0
DA:87,0
DA:92,0
DA:93,0
DA:94,0
LF:44
LH:38
end_of_record
SF:lib/src/widgets/complete_details_widget.dart
DA:21,1
DA:23,1
DA:24,0
DA:25,0
DA:26,0
DA:27,0
DA:28,0
DA:29,0
DA:30,0
DA:33,1
DA:34,1
DA:35,1
DA:37,1
DA:43,1
DA:44,1
DA:46,1
DA:47,1
DA:51,1
DA:54,1
DA:55,1
DA:56,1
DA:57,1
DA:58,1
DA:69,1
DA:70,2
DA:73,1
DA:75,2
DA:77,1
DA:80,1
DA:84,1
DA:87,1
DA:88,1
DA:89,1
DA:90,1
DA:91,1
DA:102,0
DA:103,0
DA:106,1
DA:108,2
DA:110,1
DA:113,1
DA:115,1
DA:116,1
DA:121,1
DA:122,2
DA:125,1
DA:130,0
DA:131,0
DA:140,0
DA:141,0
DA:142,0
DA:143,0
DA:144,0
DA:149,0
DA:150,0
DA:151,0
DA:152,0
DA:153,0
DA:154,0
DA:162,1
DA:163,1
DA:164,1
DA:165,1
DA:166,0
DA:167,0
DA:169,0
DA:170,0
DA:176,0
DA:177,0
DA:183,1
LF:70
LH:42
end_of_record
SF:lib/src/widgets/fruit_list_tile.dart
DA:10,2
DA:12,1
DA:14,1
DA:15,1
DA:16,1
DA:18,1
DA:19,1
DA:20,3
DA:21,1
DA:23,1
DA:24,3
DA:25,1
DA:27,2
DA:28,3
DA:29,7
DA:30,1
DA:31,1
DA:34,1
DA:35,1
DA:36,1
DA:38,5
DA:40,1
DA:41,1
DA:42,1
DA:45,5
DA:51,1
LF:26
LH:26
end_of_record
SF:lib/src/widgets/app_google_map_widget.dart
DA:9,0
DA:10,0
DA:15,1
DA:16,1
DA:29,0
DA:30,0
DA:31,0
DA:34,1
DA:36,1
DA:37,1
DA:40,1
DA:41,1
DA:42,1
DA:48,0
DA:49,0
DA:50,0
DA:53,0
DA:54,0
DA:56,0
DA:57,0
DA:59,0
DA:60,0
DA:61,0
DA:62,0
DA:63,0
DA:67,0
DA:68,0
DA:69,0
DA:70,0
DA:71,0
DA:72,0
DA:73,0
DA:74,0
DA:75,0
DA:77,0
DA:78,0
DA:79,0
DA:81,0
DA:82,0
DA:83,0
DA:84,0
DA:85,0
DA:86,0
DA:87,0
DA:89,0
DA:90,0
DA:91,0
LF:47
LH:8
end_of_record
SF:lib/src/widgets/dashed_line_vertical_painter.dart
DA:10,1
DA:12,1
DA:15,1
DA:16,2
DA:17,1
DA:18,2
DA:19,5
DA:20,4
DA:24,1
LF:9
LH:9
end_of_record
SF:lib/src/widgets/app_bottom_sheet_close_button.dart
DA:10,2
DA:16,2
DA:18,2
DA:19,2
DA:20,2
DA:21,2
DA:22,2
DA:23,2
DA:27,2
DA:29,2
LF:10
LH:10
end_of_record
SF:lib/src/widgets/app_favorite_button.dart
DA:11,1
DA:13,1
DA:14,1
DA:19,1
DA:21,1
DA:22,2
DA:23,1
DA:24,1
DA:25,1
DA:26,1
DA:29,1
DA:31,0
DA:32,0
DA:33,0
DA:35,2
DA:41,0
DA:42,0
DA:44,0
DA:45,0
DA:46,0
DA:48,0
DA:53,0
DA:59,1
LF:23
LH:13
end_of_record
SF:lib/src/widgets/bottom_sheet_base_widget.dart
DA:8,4
DA:10,2
DA:12,2
DA:13,2
DA:14,2
DA:18,2
DA:19,2
DA:22,0
DA:23,0
DA:26,2
DA:29,2
DA:30,2
DA:31,2
DA:32,2
DA:33,2
DA:35,2
DA:36,2
DA:37,2
DA:40,2
DA:41,4
DA:42,2
LF:21
LH:19
end_of_record
SF:lib/src/widgets/collection_fruit_list_widget.dart
DA:13,0
DA:15,0
DA:16,0
DA:17,0
DA:18,0
DA:19,0
DA:20,0
DA:21,0
DA:22,0
DA:23,0
DA:24,0
DA:25,0
DA:26,0
DA:28,0
DA:29,0
DA:30,0
DA:31,0
DA:32,0
DA:33,0
DA:34,0
DA:36,0
DA:37,0
DA:42,0
DA:44,0
DA:45,0
DA:47,0
DA:48,0
DA:49,0
DA:50,0
DA:51,0
DA:52,0
DA:53,0
DA:54,0
DA:55,0
DA:61,0
DA:62,0
LF:36
LH:0
end_of_record
SF:lib/src/widgets/fruit_item_widget.dart
DA:21,1
DA:27,1
DA:29,1
DA:30,4
DA:31,1
DA:32,0
DA:33,0
DA:34,0
DA:37,0
DA:41,1
DA:42,1
DA:43,0
DA:44,0
DA:45,1
DA:46,0
DA:47,0
DA:48,0
DA:49,0
DA:51,1
DA:52,1
DA:53,1
DA:54,1
DA:55,1
DA:56,1
DA:57,1
DA:58,3
DA:61,1
DA:62,1
DA:63,1
DA:66,1
DA:68,1
DA:72,1
DA:75,1
DA:76,4
DA:80,1
DA:84,1
DA:85,2
DA:91,1
DA:94,1
DA:95,1
DA:96,1
DA:97,2
DA:98,1
DA:104,1
DA:107,1
DA:108,3
DA:110,3
DA:121,1
DA:122,0
DA:123,0
DA:124,0
DA:125,0
DA:126,0
DA:128,0
DA:129,0
DA:136,0
DA:137,0
DA:138,0
DA:139,0
DA:140,0
DA:142,0
DA:143,0
DA:144,0
DA:145,0
DA:146,0
DA:148,0
DA:150,0
DA:151,0
DA:159,0
DA:160,0
DA:161,0
DA:162,0
DA:163,0
LF:73
LH:38
end_of_record
SF:lib/src/widgets/collection_menu_list_widget.dart
DA:9,0
DA:11,0
DA:12,0
DA:14,0
DA:15,0
DA:17,0
DA:18,0
DA:19,0
DA:20,0
DA:21,0
DA:22,0
DA:24,0
DA:25,0
DA:26,0
DA:27,0
DA:28,0
DA:29,0
DA:31,0
DA:32,0
DA:33,0
DA:34,0
DA:36,0
DA:44,0
DA:45,0
DA:46,0
DA:48,0
DA:57,0
DA:58,0
DA:59,0
DA:61,0
DA:64,0
DA:65,0
LF:32
LH:0
end_of_record
SF:lib/src/widgets/textfield_container.dart
DA:7,6
DA:9,3
DA:11,3
DA:12,3
DA:13,3
DA:15,3
DA:17,3
DA:19,3
LF:8
LH:8
end_of_record
SF:lib/src/widgets/input_card_widget.dart
DA:29,2
DA:30,2
DA:31,2
DA:32,2
DA:33,2
DA:36,1
DA:38,1
DA:39,1
DA:40,1
DA:41,0
DA:43,0
DA:45,0
DA:48,1
DA:49,1
DA:50,2
DA:51,2
DA:52,2
DA:53,2
DA:54,1
DA:55,2
DA:60,1
DA:61,2
DA:66,1
DA:67,2
DA:72,1
DA:73,2
DA:79,1
DA:80,1
DA:86,1
DA:87,1
DA:89,1
DA:90,1
DA:92,1
DA:94,1
DA:95,1
DA:96,1
DA:97,1
DA:98,1
DA:103,1
DA:104,1
DA:105,2
DA:107,1
DA:108,1
DA:109,1
DA:113,1
DA:120,1
DA:121,1
DA:122,1
DA:123,1
DA:125,1
DA:126,1
DA:130,1
DA:133,1
DA:134,1
DA:135,1
DA:136,1
DA:137,1
DA:147,1
DA:148,1
DA:153,1
DA:155,1
DA:157,1
DA:160,1
DA:164,1
DA:167,1
DA:168,1
DA:169,1
DA:170,1
DA:171,1
DA:182,1
DA:183,1
DA:184,1
DA:186,1
DA:187,2
DA:188,1
DA:189,1
DA:194,1
DA:196,1
DA:198,1
DA:201,1
DA:203,1
DA:204,1
DA:206,1
DA:207,1
DA:211,1
DA:214,1
DA:217,1
DA:218,1
DA:219,1
DA:220,1
DA:221,1
DA:231,1
DA:232,1
DA:234,1
DA:235,2
DA:236,1
DA:237,1
DA:243,1
DA:245,1
DA:249,1
DA:251,1
DA:252,1
DA:256,1
DA:259,1
DA:262,1
DA:263,1
DA:264,1
DA:265,1
DA:266,1
DA:276,0
DA:277,0
DA:279,1
DA:280,2
DA:281,1
DA:287,1
DA:289,1
LF:116
LH:111
end_of_record
SF:lib/src/screens/authentication_screen.dart
DA:20,2
DA:22,1
DA:24,1
DA:25,2
DA:26,1
DA:27,1
DA:28,1
DA:29,1
DA:30,1
DA:31,4
DA:34,1
DA:35,1
DA:36,1
DA:37,1
DA:43,1
DA:44,1
DA:45,1
DA:46,1
DA:48,1
DA:49,1
DA:51,1
DA:53,1
DA:54,1
DA:58,1
DA:61,1
DA:62,1
DA:63,1
DA:64,1
DA:75,2
DA:78,1
DA:80,1
DA:81,1
DA:82,1
DA:83,0
DA:85,2
DA:87,0
DA:88,0
DA:91,0
DA:95,1
DA:96,1
DA:97,0
DA:98,0
DA:101,1
DA:102,0
DA:103,0
DA:107,1
DA:111,2
DA:112,1
DA:114,3
DA:117,1
DA:118,1
LF:51
LH:43
end_of_record
SF:lib/src/widgets/app_loading_widget.dart
DA:5,1
DA:11,1
DA:13,3
DA:15,2
DA:36,0
DA:39,0
DA:40,0
DA:43,0
DA:44,0
DA:47,0
DA:51,0
DA:52,0
DA:53,0
DA:54,0
DA:55,0
DA:58,0
DA:59,0
DA:60,0
DA:65,0
DA:66,0
DA:69,1
DA:70,3
DA:71,0
DA:74,0
DA:75,0
DA:76,0
DA:85,1
DA:90,0
DA:92,0
DA:93,0
DA:94,0
DA:97,0
DA:98,0
DA:99,0
DA:100,0
LF:35
LH:7
end_of_record
SF:lib/src/widgets/intro_image.dart
DA:7,1
DA:9,1
DA:11,1
DA:13,1
DA:14,2
DA:15,1
DA:16,2
DA:21,1
DA:22,1
LF:9
LH:9
end_of_record
